0 info it worked if it ends with ok
1 verbose cli [ '/home/lpag/.nvm/versions/node/v6.7.0/bin/node',
1 verbose cli   '/home/lpag/.nvm/versions/node/v6.7.0/bin/npm',
1 verbose cli   'start' ]
2 info using npm@3.10.3
3 info using node@v6.7.0
4 verbose run-script [ 'prestart', 'start', 'poststart' ]
5 info lifecycle angular-quickstart@1.0.0~prestart: angular-quickstart@1.0.0
6 silly lifecycle angular-quickstart@1.0.0~prestart: no script for prestart, continuing
7 info lifecycle angular-quickstart@1.0.0~start: angular-quickstart@1.0.0
8 verbose lifecycle angular-quickstart@1.0.0~start: unsafe-perm in lifecycle true
9 verbose lifecycle angular-quickstart@1.0.0~start: PATH: /home/lpag/.nvm/versions/node/v6.7.0/lib/node_modules/npm/bin/node-gyp-bin:/home/lpag/git/locdb/angular-frontend/node_modules/.bin:/home/lpag/.nvm/versions/node/v6.7.0/bin:/home/lpag/.nvm/versions/node/v6.7.0/bin:/usr/lib64/qt-3.3/bin:/usr/lib64/ccache:/home/lpag/.rvm/gems/ruby-2.3.3/bin:/home/lpag/.rvm/gems/ruby-2.3.3@global/bin:/home/lpag/.rvm/rubies/ruby-2.3.3/bin:/usr/local/bin:/usr/bin:/bin:/home/lpag/.rvm/bin:/home/lpag/tvim:/home/lpag/bin:/usr/local/sbin:/usr/sbin:/home/lpag/.cabal/bin:/usr/local/texlive/2016/bin/x86_64-linux:/usr/share/elasticsearch/bin:/home/lpag/.local/bin:/home/lpag/.rvm/bin:/home/lpag/bin:/usr/local/texlive/2016/bin/x86_64-linux:/usr/share/elasticsearch/bin:/home/lpag/.local/bin:/home/lpag/.rvm/bin
10 verbose lifecycle angular-quickstart@1.0.0~start: CWD: /home/lpag/git/locdb/angular-frontend
11 silly lifecycle angular-quickstart@1.0.0~start: Args: [ '-c', 'tsc && concurrently "tsc -w" "lite-server" ' ]
12 silly lifecycle angular-quickstart@1.0.0~start: Returned: code: 2  signal: null
13 info lifecycle angular-quickstart@1.0.0~start: Failed to exec start script
14 verbose stack Error: angular-quickstart@1.0.0 start: `tsc && concurrently "tsc -w" "lite-server" `
14 verbose stack Exit status 2
14 verbose stack     at EventEmitter.<anonymous> (/home/lpag/.nvm/versions/node/v6.7.0/lib/node_modules/npm/lib/utils/lifecycle.js:242:16)
14 verbose stack     at emitTwo (events.js:106:13)
14 verbose stack     at EventEmitter.emit (events.js:191:7)
14 verbose stack     at ChildProcess.<anonymous> (/home/lpag/.nvm/versions/node/v6.7.0/lib/node_modules/npm/lib/utils/spawn.js:40:14)
14 verbose stack     at emitTwo (events.js:106:13)
14 verbose stack     at ChildProcess.emit (events.js:191:7)
14 verbose stack     at maybeClose (internal/child_process.js:877:16)
14 verbose stack     at Process.ChildProcess._handle.onexit (internal/child_process.js:226:5)
15 verbose pkgid angular-quickstart@1.0.0
16 verbose cwd /home/lpag/git/locdb/angular-frontend
17 error Linux 4.8.12-200.fc24.x86_64
18 error argv "/home/lpag/.nvm/versions/node/v6.7.0/bin/node" "/home/lpag/.nvm/versions/node/v6.7.0/bin/npm" "start"
19 error node v6.7.0
20 error npm  v3.10.3
21 error code ELIFECYCLE
22 error angular-quickstart@1.0.0 start: `tsc && concurrently "tsc -w" "lite-server" `
22 error Exit status 2
23 error Failed at the angular-quickstart@1.0.0 start script 'tsc && concurrently "tsc -w" "lite-server" '.
23 error Make sure you have the latest version of node.js and npm installed.
23 error If you do, this is most likely a problem with the angular-quickstart package,
23 error not with npm itself.
23 error Tell the author that this fails on your system:
23 error     tsc && concurrently "tsc -w" "lite-server"
23 error You can get information on how to open an issue for this project with:
23 error     npm bugs angular-quickstart
23 error Or if that isn't available, you can get their info via:
23 error     npm owner ls angular-quickstart
23 error There is likely additional logging output above.
24 verbose exit [ 1, true ]
